<?xml version="1.0" encoding="UTF-8"?>
<!-- Generated by org.testng.reporters.JUnitXMLReporter -->
<testsuite ignored="0" hostname="cutepuja" failures="0" tests="3" name="hub spot functional regression suit test cases -FF" time="26.593" errors="0" timestamp="06 May 2020 06:12:42 GMT">
  <testcase classname="testdatapage.Logintest" name="@BeforeTest setup" time="25.194">
    <failure type="org.openqa.selenium.SessionNotCreatedException" message="session not created: This version of ChromeDriver only supports Chrome version 83
Build info: version: &amp;apos;3.141.59&amp;apos;, revision: &amp;apos;e82be7d358&amp;apos;, time: &amp;apos;2018-11-14T08:17:03&amp;apos;
System info: host: &amp;apos;CUTEPUJA&amp;apos;, ip: &amp;apos;192.168.1.13&amp;apos;, os.name: &amp;apos;Windows 8.1&amp;apos;, os.arch: &amp;apos;amd64&amp;apos;, os.version: &amp;apos;6.3&amp;apos;, java.version: &amp;apos;9.0.4&amp;apos;
Driver info: driver.version: ChromeDriver
remote stacktrace: Backtrace:
	Ordinal0 [0x01299563+2725219]
	Ordinal0 [0x01198551+1672529]
	Ordinal0 [0x01080359+525145]
	Ordinal0 [0x01010B77+68471]
	Ordinal0 [0x0100D32C+54060]
	Ordinal0 [0x0102CC37+183351]
	Ordinal0 [0x0102CA3D+182845]
	Ordinal0 [0x0102A94B+174411]
	Ordinal0 [0x01012528+75048]
	Ordinal0 [0x010135A0+79264]
	Ordinal0 [0x01013539+79161]
	Ordinal0 [0x011AD607+1758727]
	GetHandleVerifier [0x013B6546+1050150]
	GetHandleVerifier [0x013B6291+1049457]
	GetHandleVerifier [0x013C10D7+1094071]
	GetHandleVerifier [0x013B6B46+1051686]
	Ordinal0 [0x011A5B06+1727238]
	Ordinal0 [0x011AEB7B+1764219]
	Ordinal0 [0x011AECE3+1764579]
	Ordinal0 [0x011C4C05+1854469]
	BaseThreadInitThunk [0x77686A14+36]
	RtlInitializeExceptionChain [0x7791AB4F+143]
	RtlInitializeExceptionChain [0x7791AB1A+90]
">
      <![CDATA[org.openqa.selenium.SessionNotCreatedException: session not created: This version of ChromeDriver only supports Chrome version 83
Build info: version: '3.141.59', revision: 'e82be7d358', time: '2018-11-14T08:17:03'
System info: host: 'CUTEPUJA', ip: '192.168.1.13', os.name: 'Windows 8.1', os.arch: 'amd64', os.version: '6.3', java.version: '9.0.4'
Driver info: driver.version: ChromeDriver
remote stacktrace: Backtrace:
Ordinal0 [0x01299563+2725219]
Ordinal0 [0x01198551+1672529]
Ordinal0 [0x01080359+525145]
Ordinal0 [0x01010B77+68471]
Ordinal0 [0x0100D32C+54060]
Ordinal0 [0x0102CC37+183351]
Ordinal0 [0x0102CA3D+182845]
Ordinal0 [0x0102A94B+174411]
Ordinal0 [0x01012528+75048]
Ordinal0 [0x010135A0+79264]
Ordinal0 [0x01013539+79161]
Ordinal0 [0x011AD607+1758727]
GetHandleVerifier [0x013B6546+1050150]
GetHandleVerifier [0x013B6291+1049457]
GetHandleVerifier [0x013C10D7+1094071]
GetHandleVerifier [0x013B6B46+1051686]
Ordinal0 [0x011A5B06+1727238]
Ordinal0 [0x011AEB7B+1764219]
Ordinal0 [0x011AECE3+1764579]
Ordinal0 [0x011C4C05+1854469]
BaseThreadInitThunk [0x77686A14+36]
RtlInitializeExceptionChain [0x7791AB4F+143]
RtlInitializeExceptionChain [0x7791AB1A+90]

at org.openqa.selenium.remote.W3CHandshakeResponse.lambda$errorHandler$0(W3CHandshakeResponse.java:62)
at org.openqa.selenium.remote.HandshakeResponse.lambda$getResponseFunction$0(HandshakeResponse.java:30)
at org.openqa.selenium.remote.ProtocolHandshake.lambda$createSession$0(ProtocolHandshake.java:126)
at java.base/java.util.stream.ReferencePipeline$3$1.accept(ReferencePipeline.java:195)
at java.base/java.util.Spliterators$ArraySpliterator.tryAdvance(Spliterators.java:958)
at java.base/java.util.stream.ReferencePipeline.forEachWithCancel(ReferencePipeline.java:127)
at java.base/java.util.stream.AbstractPipeline.copyIntoWithCancel(AbstractPipeline.java:502)
at java.base/java.util.stream.AbstractPipeline.copyInto(AbstractPipeline.java:488)
at java.base/java.util.stream.AbstractPipeline.wrapAndCopyInto(AbstractPipeline.java:474)
at java.base/java.util.stream.FindOps$FindOp.evaluateSequential(FindOps.java:152)
at java.base/java.util.stream.AbstractPipeline.evaluate(AbstractPipeline.java:234)
at java.base/java.util.stream.ReferencePipeline.findFirst(ReferencePipeline.java:476)
at org.openqa.selenium.remote.ProtocolHandshake.createSession(ProtocolHandshake.java:128)
at org.openqa.selenium.remote.ProtocolHandshake.createSession(ProtocolHandshake.java:74)
at org.openqa.selenium.remote.HttpCommandExecutor.execute(HttpCommandExecutor.java:136)
at org.openqa.selenium.remote.service.DriverCommandExecutor.execute(DriverCommandExecutor.java:83)
at org.openqa.selenium.remote.RemoteWebDriver.execute(RemoteWebDriver.java:552)
at org.openqa.selenium.remote.RemoteWebDriver.startSession(RemoteWebDriver.java:213)
at org.openqa.selenium.remote.RemoteWebDriver.<init>(RemoteWebDriver.java:131)
at org.openqa.selenium.chrome.ChromeDriver.<init>(ChromeDriver.java:181)
at org.openqa.selenium.chrome.ChromeDriver.<init>(ChromeDriver.java:168)
at org.openqa.selenium.chrome.ChromeDriver.<init>(ChromeDriver.java:123)
at base.Base.initdriver(Base.java:51)
at testdatapage.Logintest.setup(Logintest.java:48)
... Removed 28 stack frames]]>
    </failure>
  </testcase> <!-- @BeforeTest setup -->
  <testcase classname="testdatapage.Logintest" name="@AfterTest teardown" time="0.0">
    <skipped/>
  </testcase> <!-- @AfterTest teardown -->
  <testcase classname="testdatapage.Logintest" name="verifyloginpagetitletest" time="0.0">
    <skipped/>
  </testcase> <!-- verifyloginpagetitletest -->
  <testcase classname="testdatapage.Logintest" name="verifysignuplinktest" time="0.0">
    <skipped/>
  </testcase> <!-- verifysignuplinktest -->
  <testcase classname="testdatapage.Logintest" name="logintest" time="0.0">
    <skipped/>
  </testcase> <!-- logintest -->
</testsuite> <!-- hub spot functional regression suit test cases -FF -->
