<!DOCTYPE html PUBLIC "-//W3C//DTD XHTML 1.1//EN" "http://www.w3.org/TR/xhtml11/DTD/xhtml11.dtd">
<html xmlns="http://www.w3.org/1999/xhtml">
<head>
<meta http-equiv="content-type" content="text/html; charset=UTF-8"/>
<title>TestNG Report</title>
<style type="text/css">table {margin-bottom:10px;border-collapse:collapse;empty-cells:show}th,td {border:1px solid #009;padding:.25em .5em}th {vertical-align:bottom}td {vertical-align:top}table a {font-weight:bold}.stripe td {background-color: #E6EBF9}.num {text-align:right}.passedodd td {background-color: #3F3}.passedeven td {background-color: #0A0}.skippedodd td {background-color: #DDD}.skippedeven td {background-color: #CCC}.failedodd td,.attn {background-color: #F33}.failedeven td,.stripe .attn {background-color: #D00}.stacktrace {white-space:pre;font-family:monospace}.totop {font-size:85%;text-align:center;border-bottom:2px solid #000}.invisible {display:none}</style>
</head>
<body>
<table>
<tr><th>Test</th><th># Passed</th><th># Skipped</th><th># Failed</th><th>Time (ms)</th><th>Included Groups</th><th>Excluded Groups</th></tr>
<tr><th colspan="7">Hubspot regerssion suite</th></tr>
<tr><td><a href="#t0">hub spot functional regression suit test cases </a></td><td class="num">0</td><td class="num attn">6</td><td class="num">0</td><td class="num">424,067</td><td></td><td></td></tr>
</table>
<table id='summary'><thead><tr><th>Class</th><th>Method</th><th>Start</th><th>Time (ms)</th></tr></thead><tbody><tr><th colspan="4">Hubspot regerssion suite</th></tr></tbody><tbody id="t0"><tr><th colspan="4">hub spot functional regression suit test cases  &#8212; failed (configuration methods)</th></tr><tr class="failedeven"><td rowspan="1">testdatapage.Homepagetest</td><td><a href="#m0">setup</a></td><td rowspan="1">1589438523790</td><td rowspan="1">0</td></tr><tr><th colspan="4">hub spot functional regression suit test cases  &#8212; skipped (configuration methods)</th></tr><tr class="skippedeven"><td rowspan="2">testdatapage.Homepagetest</td><td><a href="#m1">teardown</a></td><td rowspan="2">1589438528516</td><td rowspan="2">0</td></tr><tr class="skippedeven"><td><a href="#m2">teardown</a></td></tr><tr><th colspan="4">hub spot functional regression suit test cases  &#8212; skipped</th></tr><tr class="skippedeven"><td rowspan="3">testdatapage.Homepagetest</td><td><a href="#m3">verifyhomepageheadertest</a></td><td rowspan="1">1589438527871</td><td rowspan="1">0</td></tr><tr class="skippedeven"><td><a href="#m4">verifyhomepagetitleTest</a></td><td rowspan="1">1589438527191</td><td rowspan="1">0</td></tr><tr class="skippedeven"><td><a href="#m5">verifyloggedinusertest</a></td><td rowspan="1">1589438528160</td><td rowspan="1">0</td></tr><tr class="skippedodd"><td rowspan="3">testdatapage.Logintest</td><td><a href="#m6">logintest</a></td><td rowspan="1">1589438528501</td><td rowspan="1">0</td></tr><tr class="skippedodd"><td><a href="#m7">verifyloginpagetitletest</a></td><td rowspan="1">1589438527289</td><td rowspan="1">0</td></tr><tr class="skippedodd"><td><a href="#m8">verifysignuplinktest</a></td><td rowspan="1">1589438528145</td><td rowspan="1">0</td></tr></tbody>
</table>
<h2>hub spot functional regression suit test cases </h2><h3 id="m0">testdatapage.Homepagetest#setup</h3><table class="result"><tr><th>Exception</th></tr><tr><td><div class="stacktrace">org.testng.TestNGException: 
Parameter &apos;browser&apos; is required by BeforeTest on method setup but has not been marked @Optional or defined
in C:\Users\cute puja\eclipse-workspace\aprilpomser\src\test\resourse\testrunner\testng.xml
... Removed 21 stack frames</div></td></tr></table><p class="totop"><a href="#summary">back to summary</a></p>
<h3 id="m1">testdatapage.Homepagetest#teardown</h3><table class="result"><tr><th class="invisible"/></tr></table><p class="totop"><a href="#summary">back to summary</a></p>
<h3 id="m2">testdatapage.Homepagetest#teardown</h3><table class="result"><tr><th class="invisible"/></tr></table><p class="totop"><a href="#summary">back to summary</a></p>
<h3 id="m3">testdatapage.Homepagetest#verifyhomepageheadertest</h3><table class="result"><tr><th>Exception</th></tr><tr><td><div class="stacktrace">org.testng.TestNGException: 
Parameter &apos;browser&apos; is required by BeforeTest on method setup but has not been marked @Optional or defined
in C:\Users\cute puja\eclipse-workspace\aprilpomser\src\test\resourse\testrunner\testng.xml
... Removed 21 stack frames</div></td></tr></table><p class="totop"><a href="#summary">back to summary</a></p>
<h3 id="m4">testdatapage.Homepagetest#verifyhomepagetitleTest</h3><table class="result"><tr><th>Exception</th></tr><tr><td><div class="stacktrace">org.testng.TestNGException: 
Parameter &apos;browser&apos; is required by BeforeTest on method setup but has not been marked @Optional or defined
in C:\Users\cute puja\eclipse-workspace\aprilpomser\src\test\resourse\testrunner\testng.xml
... Removed 21 stack frames</div></td></tr></table><p class="totop"><a href="#summary">back to summary</a></p>
<h3 id="m5">testdatapage.Homepagetest#verifyloggedinusertest</h3><table class="result"><tr><th>Exception</th></tr><tr><td><div class="stacktrace">org.testng.TestNGException: 
Parameter &apos;browser&apos; is required by BeforeTest on method setup but has not been marked @Optional or defined
in C:\Users\cute puja\eclipse-workspace\aprilpomser\src\test\resourse\testrunner\testng.xml
... Removed 21 stack frames</div></td></tr></table><p class="totop"><a href="#summary">back to summary</a></p>
<h3 id="m6">testdatapage.Logintest#logintest</h3><table class="result"><tr><th>Exception</th></tr><tr><td><div class="stacktrace">org.testng.TestNGException: 
Parameter &apos;browser&apos; is required by BeforeTest on method setup but has not been marked @Optional or defined
in C:\Users\cute puja\eclipse-workspace\aprilpomser\src\test\resourse\testrunner\testng.xml
... Removed 21 stack frames</div></td></tr></table><p class="totop"><a href="#summary">back to summary</a></p>
<h3 id="m7">testdatapage.Logintest#verifyloginpagetitletest</h3><table class="result"><tr><th>Exception</th></tr><tr><td><div class="stacktrace">org.testng.TestNGException: 
Parameter &apos;browser&apos; is required by BeforeTest on method setup but has not been marked @Optional or defined
in C:\Users\cute puja\eclipse-workspace\aprilpomser\src\test\resourse\testrunner\testng.xml
... Removed 21 stack frames</div></td></tr></table><p class="totop"><a href="#summary">back to summary</a></p>
<h3 id="m8">testdatapage.Logintest#verifysignuplinktest</h3><table class="result"><tr><th>Exception</th></tr><tr><td><div class="stacktrace">org.testng.TestNGException: 
Parameter &apos;browser&apos; is required by BeforeTest on method setup but has not been marked @Optional or defined
in C:\Users\cute puja\eclipse-workspace\aprilpomser\src\test\resourse\testrunner\testng.xml
... Removed 21 stack frames</div></td></tr></table><p class="totop"><a href="#summary">back to summary</a></p>
</body>
</html>
